d:\githubprojects\dx11_tools\framework_tool_dx11\engine\default\x64\debug\vc143.pdb
d:\githubprojects\dx11_tools\framework_tool_dx11\engine\default\x64\debug\vc143.idb
d:\githubprojects\dx11_tools\framework_tool_dx11\engine\default\x64\debug\mesh.obj
d:\githubprojects\dx11_tools\framework_tool_dx11\engine\default\x64\debug\level_manager.obj
d:\githubprojects\dx11_tools\framework_tool_dx11\engine\default\x64\debug\level.obj
d:\githubprojects\dx11_tools\framework_tool_dx11\engine\default\x64\debug\layer.obj
d:\githubprojects\dx11_tools\framework_tool_dx11\engine\default\x64\debug\key_manager.obj
d:\githubprojects\dx11_tools\framework_tool_dx11\engine\default\x64\debug\graphic_device.obj
d:\githubprojects\dx11_tools\framework_tool_dx11\engine\default\x64\debug\gameobject.obj
d:\githubprojects\dx11_tools\framework_tool_dx11\engine\default\x64\debug\gameinstance.obj
d:\githubprojects\dx11_tools\framework_tool_dx11\engine\default\x64\debug\fsm.obj
d:\githubprojects\dx11_tools\framework_tool_dx11\engine\default\x64\debug\event_manager.obj
d:\githubprojects\dx11_tools\framework_tool_dx11\engine\default\x64\debug\engine_struct.obj
d:\githubprojects\dx11_tools\framework_tool_dx11\engine\default\x64\debug\component_manager.obj
d:\githubprojects\dx11_tools\framework_tool_dx11\engine\default\x64\debug\component.obj
d:\githubprojects\dx11_tools\framework_tool_dx11\engine\default\x64\debug\channel.obj
d:\githubprojects\dx11_tools\framework_tool_dx11\engine\default\x64\debug\cell.obj
d:\githubprojects\dx11_tools\framework_tool_dx11\engine\default\x64\debug\camera.obj
d:\githubprojects\dx11_tools\framework_tool_dx11\engine\default\x64\debug\bone.obj
d:\githubprojects\dx11_tools\framework_tool_dx11\engine\default\x64\debug\blendobject.obj
d:\githubprojects\dx11_tools\framework_tool_dx11\engine\default\x64\debug\base.obj
d:\githubprojects\dx11_tools\framework_tool_dx11\engine\default\x64\debug\animation.obj
d:\githubprojects\dx11_tools\framework_tool_dx11\engine\default\x64\debug\vibuffer_rect.obj
d:\githubprojects\dx11_tools\framework_tool_dx11\engine\default\x64\debug\vibuffer.obj
d:\githubprojects\dx11_tools\framework_tool_dx11\engine\default\x64\debug\ui_manager.obj
d:\githubprojects\dx11_tools\framework_tool_dx11\engine\default\x64\debug\uiobject.obj
d:\githubprojects\dx11_tools\framework_tool_dx11\engine\default\x64\debug\transform.obj
d:\githubprojects\dx11_tools\framework_tool_dx11\engine\default\x64\debug\timer_manager.obj
d:\githubprojects\dx11_tools\framework_tool_dx11\engine\default\x64\debug\timer.obj
d:\githubprojects\dx11_tools\framework_tool_dx11\engine\default\x64\debug\texture.obj
d:\githubprojects\dx11_tools\framework_tool_dx11\engine\default\x64\debug\vibuffer_terrain.obj
d:\githubprojects\dx11_tools\framework_tool_dx11\engine\default\x64\debug\vibuffer_cell.obj
d:\githubprojects\dx11_tools\framework_tool_dx11\engine\default\x64\debug\state.obj
d:\githubprojects\dx11_tools\framework_tool_dx11\engine\default\x64\debug\sound_manager.obj
d:\githubprojects\dx11_tools\framework_tool_dx11\engine\default\x64\debug\shader.obj
d:\githubprojects\dx11_tools\framework_tool_dx11\engine\default\x64\debug\renderer.obj
d:\githubprojects\dx11_tools\framework_tool_dx11\engine\default\x64\debug\pipeline.obj
d:\githubprojects\dx11_tools\framework_tool_dx11\engine\default\x64\debug\picking_manager.obj
d:\githubprojects\dx11_tools\framework_tool_dx11\engine\default\x64\debug\object_manager.obj
d:\githubprojects\dx11_tools\framework_tool_dx11\engine\default\x64\debug\navigation.obj
d:\githubprojects\dx11_tools\framework_tool_dx11\engine\default\x64\debug\model.obj
d:\githubprojects\dx11_tools\framework_tool_dx11\engine\bin\shader_cell.cso
d:\githubprojects\dx11_tools\framework_tool_dx11\engine\bin\engine.dll
d:\githubprojects\dx11_tools\framework_tool_dx11\engine\bin\engine.pdb
d:\githubprojects\dx11_tools\framework_tool_dx11\engine\bin\engine.lib
d:\githubprojects\dx11_tools\framework_tool_dx11\engine\bin\engine.exp
d:\githubprojects\dx11_tools\framework_tool_dx11\engine\default\x64\debug\engine.ilk
d:\githubprojects\dx11_tools\framework_tool_dx11\engine\default\x64\debug\engine.tlog\cl.command.1.tlog
d:\githubprojects\dx11_tools\framework_tool_dx11\engine\default\x64\debug\engine.tlog\cl.items.tlog
d:\githubprojects\dx11_tools\framework_tool_dx11\engine\default\x64\debug\engine.tlog\cl.read.1.tlog
d:\githubprojects\dx11_tools\framework_tool_dx11\engine\default\x64\debug\engine.tlog\cl.write.1.tlog
d:\githubprojects\dx11_tools\framework_tool_dx11\engine\default\x64\debug\engine.tlog\fxc.command.1.tlog
d:\githubprojects\dx11_tools\framework_tool_dx11\engine\default\x64\debug\engine.tlog\fxc.read.1.tlog
d:\githubprojects\dx11_tools\framework_tool_dx11\engine\default\x64\debug\engine.tlog\fxc.write.1.tlog
d:\githubprojects\dx11_tools\framework_tool_dx11\engine\default\x64\debug\engine.tlog\link.command.1.tlog
d:\githubprojects\dx11_tools\framework_tool_dx11\engine\default\x64\debug\engine.tlog\link.read.1.tlog
d:\githubprojects\dx11_tools\framework_tool_dx11\engine\default\x64\debug\engine.tlog\link.secondary.1.tlog
d:\githubprojects\dx11_tools\framework_tool_dx11\engine\default\x64\debug\engine.tlog\link.write.1.tlog
