d:\githubprojects\dx11_naruto_shinobistriker\naruto_shinobistriker\engine\default\x64\debug\vc143.pdb
d:\githubprojects\dx11_naruto_shinobistriker\naruto_shinobistriker\engine\default\x64\debug\vc143.idb
d:\githubprojects\dx11_naruto_shinobistriker\naruto_shinobistriker\engine\default\x64\debug\unity_cyxr0cad3457rav1.obj
d:\githubprojects\dx11_naruto_shinobistriker\naruto_shinobistriker\engine\bin\shader_cell.cso
d:\githubprojects\dx11_naruto_shinobistriker\naruto_shinobistriker\engine\bin\shader_effectdeferred.cso
d:\githubprojects\dx11_naruto_shinobistriker\naruto_shinobistriker\engine\bin\shader_distortion.cso
d:\githubprojects\dx11_naruto_shinobistriker\naruto_shinobistriker\engine\bin\shader_deferred.cso
d:\githubprojects\dx11_naruto_shinobistriker\naruto_shinobistriker\engine\bin\shader_motiontrail.cso
d:\githubprojects\dx11_naruto_shinobistriker\naruto_shinobistriker\engine\bin\engine.dll
d:\githubprojects\dx11_naruto_shinobistriker\naruto_shinobistriker\engine\bin\engine.pdb
d:\githubprojects\dx11_naruto_shinobistriker\naruto_shinobistriker\engine\default\x64\debug\engine.res
d:\githubprojects\dx11_naruto_shinobistriker\naruto_shinobistriker\engine\bin\engine.lib
d:\githubprojects\dx11_naruto_shinobistriker\naruto_shinobistriker\engine\bin\engine.exp
d:\githubprojects\dx11_naruto_shinobistriker\naruto_shinobistriker\engine\default\x64\debug\engine.ilk
c:\users\j\desktop\naruto_shinobistriker\engine\default\x64\debug\unity_cyxr0cad3457rav1.obj
c:\users\j\desktop\naruto_shinobistriker\engine\default\x64\debug\engine.ilk
c:\users\j\desktop\naruto_shinobistriker\engine\default\x64\debug\engine.res
c:\users\j\desktop\naruto_shinobistriker\engine\default\x64\debug\vc143.idb
c:\users\j\desktop\naruto_shinobistriker\engine\default\x64\debug\vc143.pdb
c:\users\j\desktop\naruto_shinobistriker\engine\bin\engine.dll
c:\users\j\desktop\naruto_shinobistriker\engine\default\x64\debug\engine.tlog\cl.command.1.tlog
c:\users\j\desktop\naruto_shinobistriker\engine\default\x64\debug\engine.tlog\cl.items.tlog
c:\users\j\desktop\naruto_shinobistriker\engine\default\x64\debug\engine.tlog\cl.read.1.tlog
c:\users\j\desktop\naruto_shinobistriker\engine\default\x64\debug\engine.tlog\cl.write.1.tlog
c:\users\j\desktop\naruto_shinobistriker\engine\default\x64\debug\engine.tlog\fxc.command.1.tlog
c:\users\j\desktop\naruto_shinobistriker\engine\default\x64\debug\engine.tlog\fxc.read.1.tlog
c:\users\j\desktop\naruto_shinobistriker\engine\default\x64\debug\engine.tlog\fxc.write.1.tlog
c:\users\j\desktop\naruto_shinobistriker\engine\default\x64\debug\engine.tlog\link.command.1.tlog
c:\users\j\desktop\naruto_shinobistriker\engine\default\x64\debug\engine.tlog\link.read.1.tlog
c:\users\j\desktop\naruto_shinobistriker\engine\default\x64\debug\engine.tlog\link.secondary.1.tlog
c:\users\j\desktop\naruto_shinobistriker\engine\default\x64\debug\engine.tlog\link.write.1.tlog
c:\users\j\desktop\naruto_shinobistriker\engine\default\x64\debug\engine.tlog\rc.command.1.tlog
c:\users\j\desktop\naruto_shinobistriker\engine\default\x64\debug\engine.tlog\rc.read.1.tlog
c:\users\j\desktop\naruto_shinobistriker\engine\default\x64\debug\engine.tlog\rc.write.1.tlog
