d:\githubprojects\dx_frameworks\framework_dx11\client\default\x64\debug\client.pch
d:\githubprojects\dx_frameworks\framework_dx11\client\default\x64\debug\vc143.pdb
d:\githubprojects\dx_frameworks\framework_dx11\client\default\x64\debug\vc143.idb
d:\githubprojects\dx_frameworks\framework_dx11\client\default\x64\debug\stdafx.obj
d:\githubprojects\dx_frameworks\framework_dx11\client\default\x64\debug\client.obj
d:\githubprojects\dx_frameworks\framework_dx11\client\default\x64\debug\loader.obj
d:\githubprojects\dx_frameworks\framework_dx11\client\default\x64\debug\background.obj
d:\githubprojects\dx_frameworks\framework_dx11\client\default\x64\debug\terrain.obj
d:\githubprojects\dx_frameworks\framework_dx11\client\default\x64\debug\nonanimmodel.obj
d:\githubprojects\dx_frameworks\framework_dx11\client\default\x64\debug\mainapp.obj
d:\githubprojects\dx_frameworks\framework_dx11\client\default\x64\debug\level_logo.obj
d:\githubprojects\dx_frameworks\framework_dx11\client\default\x64\debug\level_loading.obj
d:\githubprojects\dx_frameworks\framework_dx11\client\default\x64\debug\level_gameplay.obj
d:\githubprojects\dx_frameworks\framework_dx11\client\default\x64\debug\freecamera.obj
d:\githubprojects\dx_frameworks\framework_dx11\client\default\x64\debug\animmodel.obj
d:\githubprojects\dx_frameworks\framework_dx11\client\default\x64\debug\player_naruto.obj
d:\githubprojects\dx_frameworks\framework_dx11\client\default\x64\debug\player.obj
d:\githubprojects\dx_frameworks\framework_dx11\client\default\x64\debug\state_naruto_idle.obj
d:\githubprojects\dx_frameworks\framework_dx11\client\default\x64\debug\state_naruto_run.obj
d:\githubprojects\dx_frameworks\framework_dx11\client\default\x64\debug\playercamera.obj
d:\githubprojects\dx_frameworks\framework_dx11\client\default\x64\debug\state_naruto_jump.obj
d:\githubprojects\dx_frameworks\framework_dx11\client\default\x64\debug\state_naruto_doublejump.obj
d:\githubprojects\dx_frameworks\framework_dx11\client\default\x64\debug\state_naruto_runend.obj
d:\githubprojects\dx_frameworks\framework_dx11\client\default\x64\debug\state_naruto_fallfront.obj
d:\githubprojects\dx_frameworks\framework_dx11\client\default\x64\debug\state_naruto_land.obj
d:\githubprojects\dx_frameworks\framework_dx11\client\default\x64\debug\state_naruto_punchleft.obj
d:\githubprojects\dx_frameworks\framework_dx11\client\default\x64\debug\state_naruto_punchright.obj
d:\githubprojects\dx_frameworks\framework_dx11\client\default\x64\debug\state_naruto_elbowstrike.obj
d:\githubprojects\dx_frameworks\framework_dx11\client\default\x64\debug\state_naruto_doublekick.obj
d:\githubprojects\dx_frameworks\framework_dx11\client\default\x64\debug\state_naruto_wallattach.obj
d:\githubprojects\dx_frameworks\framework_dx11\client\bin\shader_vtxnortex.cso
d:\githubprojects\dx_frameworks\framework_dx11\client\bin\shader_vtxmodel.cso
d:\githubprojects\dx_frameworks\framework_dx11\client\bin\shader_vtxanimmodel.cso
d:\githubprojects\dx_frameworks\framework_dx11\client\bin\shader_vtxpostex.cso
d:\githubprojects\dx_frameworks\framework_dx11\client\bin\client.exe
d:\githubprojects\dx_frameworks\framework_dx11\client\bin\client.pdb
d:\githubprojects\dx_frameworks\framework_dx11\client\default\x64\debug\client.res
d:\githubprojects\dx_frameworks\framework_dx11\client\default\x64\debug\client.ilk
d:\githubprojects\dx_frameworks\framework_dx11\client\default\x64\debug\monster.obj
d:\githubprojects\dx_frameworks\framework_dx11\client\default\x64\debug\monster.obj.enc
d:\githubprojects\dx_frameworks\framework_dx11\client\default\x64\debug\player_naruto.obj.enc
d:\githubprojects\dx_frameworks\framework_dx11\client\default\x64\debug\state_naruto_runend.obj.enc
d:\githubprojects\dx_frameworks\framework_dx11\client\default\x64\debug\vc140.idb
d:\githubprojects\dx_frameworks\framework_dx11\client\default\x64\debug\vc140.pdb
d:\githubprojects\dx_frameworks\framework_dx11\client\default\x64\debug\client.tlog\cl.command.1.tlog
d:\githubprojects\dx_frameworks\framework_dx11\client\default\x64\debug\client.tlog\cl.items.tlog
d:\githubprojects\dx_frameworks\framework_dx11\client\default\x64\debug\client.tlog\cl.read.1.tlog
d:\githubprojects\dx_frameworks\framework_dx11\client\default\x64\debug\client.tlog\cl.write.1.tlog
d:\githubprojects\dx_frameworks\framework_dx11\client\default\x64\debug\client.tlog\fxc.command.1.tlog
d:\githubprojects\dx_frameworks\framework_dx11\client\default\x64\debug\client.tlog\fxc.read.1.tlog
d:\githubprojects\dx_frameworks\framework_dx11\client\default\x64\debug\client.tlog\fxc.write.1.tlog
d:\githubprojects\dx_frameworks\framework_dx11\client\default\x64\debug\client.tlog\link.command.1.tlog
d:\githubprojects\dx_frameworks\framework_dx11\client\default\x64\debug\client.tlog\link.read.1.tlog
d:\githubprojects\dx_frameworks\framework_dx11\client\default\x64\debug\client.tlog\link.secondary.1.tlog
d:\githubprojects\dx_frameworks\framework_dx11\client\default\x64\debug\client.tlog\link.write.1.tlog
d:\githubprojects\dx_frameworks\framework_dx11\client\default\x64\debug\client.tlog\rc.command.1.tlog
d:\githubprojects\dx_frameworks\framework_dx11\client\default\x64\debug\client.tlog\rc.read.1.tlog
d:\githubprojects\dx_frameworks\framework_dx11\client\default\x64\debug\client.tlog\rc.write.1.tlog
